{"/Users/pedrodarvas/Downloads/react-redux-testing/src/index.js": {"path":"/Users/pedrodarvas/Downloads/react-redux-testing/src/index.js","statementMap":{"0":{"start":{"line":5,"column":20},"end":{"line":5,"column":51}},"1":{"start":{"line":6,"column":0},"end":{"line":6,"column":38}}},"fnMap":{},"branchMap":{},"s":{"0":0,"1":0},"f":{},"b":{},"hash":"e21dde0e370322d6e59daa4513ef5f6d3132e572"}
,"/Users/pedrodarvas/Downloads/react-redux-testing/src/store.js": {"path":"/Users/pedrodarvas/Downloads/react-redux-testing/src/store.js","statementMap":{},"fnMap":{},"branchMap":{},"s":{},"f":{},"b":{},"hash":"2c020a1491ee985781fc859a1e93989bf59b6a31"}
,"/Users/pedrodarvas/Downloads/react-redux-testing/src/actions/todos.js": {"path":"/Users/pedrodarvas/Downloads/react-redux-testing/src/actions/todos.js","statementMap":{"0":{"start":{"line":1,"column":32},"end":{"line":6,"column":2}},"1":{"start":{"line":1,"column":41},"end":{"line":6,"column":1}},"2":{"start":{"line":8,"column":34},"end":{"line":13,"column":2}},"3":{"start":{"line":8,"column":45},"end":{"line":13,"column":1}},"4":{"start":{"line":15,"column":32},"end":{"line":20,"column":2}},"5":{"start":{"line":15,"column":43},"end":{"line":20,"column":1}}},"fnMap":{"0":{"name":"(anonymous_0)","decl":{"start":{"line":1,"column":32},"end":{"line":1,"column":33}},"loc":{"start":{"line":1,"column":41},"end":{"line":6,"column":1}},"line":1},"1":{"name":"(anonymous_1)","decl":{"start":{"line":8,"column":34},"end":{"line":8,"column":35}},"loc":{"start":{"line":8,"column":45},"end":{"line":13,"column":1}},"line":8},"2":{"name":"(anonymous_2)","decl":{"start":{"line":15,"column":32},"end":{"line":15,"column":33}},"loc":{"start":{"line":15,"column":43},"end":{"line":20,"column":1}},"line":15}},"branchMap":{},"s":{"0":3,"1":2,"2":3,"3":1,"4":3,"5":1},"f":{"0":2,"1":1,"2":1},"b":{},"_coverageSchema":"43e27e138ebf9cfc5966b082cf9a028302ed4184","hash":"11b85b31308eefe244312e72cd649e7fea59b11a"}
,"/Users/pedrodarvas/Downloads/react-redux-testing/src/components/TodoItem/index.js": {"path":"/Users/pedrodarvas/Downloads/react-redux-testing/src/components/TodoItem/index.js","statementMap":{"0":{"start":{"line":5,"column":28},"end":{"line":9,"column":1}},"1":{"start":{"line":11,"column":28},"end":{"line":15,"column":1}},"2":{"start":{"line":14,"column":31},"end":{"line":14,"column":73}},"3":{"start":{"line":17,"column":28},"end":{"line":24,"column":1}},"4":{"start":{"line":26,"column":24},"end":{"line":43,"column":1}},"5":{"start":{"line":27,"column":24},"end":{"line":29,"column":3}},"6":{"start":{"line":28,"column":4},"end":{"line":28,"column":40}},"7":{"start":{"line":31,"column":25},"end":{"line":33,"column":3}},"8":{"start":{"line":32,"column":4},"end":{"line":32,"column":38}},"9":{"start":{"line":35,"column":2},"end":{"line":42,"column":4}},"10":{"start":{"line":45,"column":0},"end":{"line":49,"column":2}}},"fnMap":{"0":{"name":"(anonymous_0)","decl":{"start":{"line":14,"column":21},"end":{"line":14,"column":22}},"loc":{"start":{"line":14,"column":31},"end":{"line":14,"column":73}},"line":14},"1":{"name":"(anonymous_1)","decl":{"start":{"line":26,"column":24},"end":{"line":26,"column":25}},"loc":{"start":{"line":26,"column":33},"end":{"line":43,"column":1}},"line":26},"2":{"name":"(anonymous_2)","decl":{"start":{"line":27,"column":24},"end":{"line":27,"column":25}},"loc":{"start":{"line":27,"column":30},"end":{"line":29,"column":3}},"line":27},"3":{"name":"(anonymous_3)","decl":{"start":{"line":31,"column":25},"end":{"line":31,"column":26}},"loc":{"start":{"line":31,"column":31},"end":{"line":33,"column":3}},"line":31}},"branchMap":{"0":{"loc":{"start":{"line":14,"column":31},"end":{"line":14,"column":73}},"type":"cond-expr","locations":[{"start":{"line":14,"column":49},"end":{"line":14,"column":63}},{"start":{"line":14,"column":66},"end":{"line":14,"column":73}}],"line":14}},"s":{"0":2,"1":2,"2":1,"3":2,"4":2,"5":3,"6":0,"7":3,"8":1,"9":3,"10":2},"f":{"0":1,"1":3,"2":0,"3":1},"b":{"0":[0,1]},"_coverageSchema":"43e27e138ebf9cfc5966b082cf9a028302ed4184","hash":"399d77c229009ff042aedfc5669d1a1e0b873648"}
,"/Users/pedrodarvas/Downloads/react-redux-testing/src/containers/App/index.js": {"path":"/Users/pedrodarvas/Downloads/react-redux-testing/src/containers/App/index.js","statementMap":{"0":{"start":{"line":6,"column":19},"end":{"line":12,"column":1}},"1":{"start":{"line":7,"column":2},"end":{"line":11,"column":4}}},"fnMap":{"0":{"name":"(anonymous_0)","decl":{"start":{"line":6,"column":19},"end":{"line":6,"column":20}},"loc":{"start":{"line":6,"column":25},"end":{"line":12,"column":1}},"line":6}},"branchMap":{},"s":{"0":0,"1":0},"f":{"0":0},"b":{},"hash":"b87485b94f1c839de10919a04cd7b67bb02c1797"}
,"/Users/pedrodarvas/Downloads/react-redux-testing/src/containers/Todos/index.js": {"path":"/Users/pedrodarvas/Downloads/react-redux-testing/src/containers/Todos/index.js","statementMap":{"0":{"start":{"line":12,"column":4},"end":{"line":12,"column":17}},"1":{"start":{"line":13,"column":4},"end":{"line":15,"column":6}},"2":{"start":{"line":18,"column":26},"end":{"line":20,"column":3}},"3":{"start":{"line":19,"column":4},"end":{"line":19,"column":56}},"4":{"start":{"line":22,"column":26},"end":{"line":26,"column":3}},"5":{"start":{"line":23,"column":4},"end":{"line":25,"column":5}},"6":{"start":{"line":24,"column":6},"end":{"line":24,"column":32}},"7":{"start":{"line":28,"column":22},"end":{"line":30,"column":3}},"8":{"start":{"line":29,"column":4},"end":{"line":29,"column":40}},"9":{"start":{"line":32,"column":23},"end":{"line":38,"column":3}},"10":{"start":{"line":33,"column":29},"end":{"line":33,"column":39}},"11":{"start":{"line":34,"column":27},"end":{"line":34,"column":37}},"12":{"start":{"line":36,"column":4},"end":{"line":36,"column":29}},"13":{"start":{"line":37,"column":4},"end":{"line":37,"column":29}},"14":{"start":{"line":40,"column":25},"end":{"line":44,"column":3}},"15":{"start":{"line":41,"column":29},"end":{"line":41,"column":39}},"16":{"start":{"line":43,"column":4},"end":{"line":43,"column":25}},"17":{"start":{"line":46,"column":23},"end":{"line":50,"column":3}},"18":{"start":{"line":47,"column":27},"end":{"line":47,"column":37}},"19":{"start":{"line":49,"column":4},"end":{"line":49,"column":23}},"20":{"start":{"line":53,"column":4},"end":{"line":75,"column":6}},"21":{"start":{"line":66,"column":12},"end":{"line":71,"column":14}},"22":{"start":{"line":79,"column":24},"end":{"line":81,"column":2}},"23":{"start":{"line":79,"column":34},"end":{"line":81,"column":1}},"24":{"start":{"line":83,"column":27},"end":{"line":87,"column":2}},"25":{"start":{"line":83,"column":40},"end":{"line":87,"column":1}},"26":{"start":{"line":84,"column":22},"end":{"line":84,"column":54}},"27":{"start":{"line":85,"column":26},"end":{"line":85,"column":62}},"28":{"start":{"line":86,"column":24},"end":{"line":86,"column":58}}},"fnMap":{"0":{"name":"(anonymous_0)","decl":{"start":{"line":11,"column":2},"end":{"line":11,"column":3}},"loc":{"start":{"line":11,"column":21},"end":{"line":16,"column":3}},"line":11},"1":{"name":"(anonymous_1)","decl":{"start":{"line":18,"column":26},"end":{"line":18,"column":27}},"loc":{"start":{"line":18,"column":35},"end":{"line":20,"column":3}},"line":18},"2":{"name":"(anonymous_2)","decl":{"start":{"line":22,"column":26},"end":{"line":22,"column":27}},"loc":{"start":{"line":22,"column":35},"end":{"line":26,"column":3}},"line":22},"3":{"name":"(anonymous_3)","decl":{"start":{"line":28,"column":22},"end":{"line":28,"column":23}},"loc":{"start":{"line":28,"column":28},"end":{"line":30,"column":3}},"line":28},"4":{"name":"(anonymous_4)","decl":{"start":{"line":32,"column":23},"end":{"line":32,"column":24}},"loc":{"start":{"line":32,"column":29},"end":{"line":38,"column":3}},"line":32},"5":{"name":"(anonymous_5)","decl":{"start":{"line":40,"column":25},"end":{"line":40,"column":26}},"loc":{"start":{"line":40,"column":35},"end":{"line":44,"column":3}},"line":40},"6":{"name":"(anonymous_6)","decl":{"start":{"line":46,"column":23},"end":{"line":46,"column":24}},"loc":{"start":{"line":46,"column":33},"end":{"line":50,"column":3}},"line":46},"7":{"name":"(anonymous_7)","decl":{"start":{"line":52,"column":2},"end":{"line":52,"column":3}},"loc":{"start":{"line":52,"column":11},"end":{"line":76,"column":3}},"line":52},"8":{"name":"(anonymous_8)","decl":{"start":{"line":65,"column":35},"end":{"line":65,"column":36}},"loc":{"start":{"line":66,"column":12},"end":{"line":71,"column":14}},"line":66},"9":{"name":"(anonymous_9)","decl":{"start":{"line":79,"column":24},"end":{"line":79,"column":25}},"loc":{"start":{"line":79,"column":34},"end":{"line":81,"column":1}},"line":79},"10":{"name":"(anonymous_10)","decl":{"start":{"line":83,"column":27},"end":{"line":83,"column":28}},"loc":{"start":{"line":83,"column":40},"end":{"line":87,"column":1}},"line":83},"11":{"name":"(anonymous_11)","decl":{"start":{"line":84,"column":14},"end":{"line":84,"column":15}},"loc":{"start":{"line":84,"column":22},"end":{"line":84,"column":54}},"line":84},"12":{"name":"(anonymous_12)","decl":{"start":{"line":85,"column":16},"end":{"line":85,"column":17}},"loc":{"start":{"line":85,"column":26},"end":{"line":85,"column":62}},"line":85},"13":{"name":"(anonymous_13)","decl":{"start":{"line":86,"column":14},"end":{"line":86,"column":15}},"loc":{"start":{"line":86,"column":24},"end":{"line":86,"column":58}},"line":86}},"branchMap":{"0":{"loc":{"start":{"line":23,"column":4},"end":{"line":25,"column":5}},"type":"if","locations":[{"start":{"line":23,"column":4},"end":{"line":25,"column":5}},{"start":{"line":23,"column":4},"end":{"line":25,"column":5}}],"line":23}},"s":{"0":1,"1":1,"2":1,"3":0,"4":1,"5":0,"6":0,"7":1,"8":0,"9":1,"10":0,"11":0,"12":0,"13":0,"14":1,"15":0,"16":0,"17":1,"18":0,"19":0,"20":1,"21":2,"22":1,"23":0,"24":1,"25":0,"26":0,"27":0,"28":0},"f":{"0":1,"1":0,"2":0,"3":0,"4":0,"5":0,"6":0,"7":1,"8":2,"9":0,"10":0,"11":0,"12":0,"13":0},"b":{"0":[0,0]},"_coverageSchema":"43e27e138ebf9cfc5966b082cf9a028302ed4184","hash":"7ddf7a581a3a8a4b25a525f5329afa0e13a3cdbf"}
,"/Users/pedrodarvas/Downloads/react-redux-testing/src/reducers/index.js": {"path":"/Users/pedrodarvas/Downloads/react-redux-testing/src/reducers/index.js","statementMap":{},"fnMap":{},"branchMap":{},"s":{},"f":{},"b":{},"hash":"efaa68ae7bcb2d2d207f5eb58dfe6579376334cc"}
,"/Users/pedrodarvas/Downloads/react-redux-testing/src/reducers/todos.js": {"path":"/Users/pedrodarvas/Downloads/react-redux-testing/src/reducers/todos.js","statementMap":{"0":{"start":{"line":1,"column":21},"end":{"line":3,"column":1}},"1":{"start":{"line":5,"column":14},"end":{"line":35,"column":1}},"2":{"start":{"line":6,"column":2},"end":{"line":34,"column":3}},"3":{"start":{"line":8,"column":22},"end":{"line":12,"column":7}},"4":{"start":{"line":13,"column":6},"end":{"line":13,"column":56}},"5":{"start":{"line":15,"column":23},"end":{"line":15,"column":42}},"6":{"start":{"line":16,"column":25},"end":{"line":16,"column":39}},"7":{"start":{"line":18,"column":28},"end":{"line":18,"column":74}},"8":{"start":{"line":18,"column":55},"end":{"line":18,"column":73}},"9":{"start":{"line":19,"column":6},"end":{"line":19,"column":77}},"10":{"start":{"line":21,"column":6},"end":{"line":21,"column":46}},"11":{"start":{"line":24,"column":23},"end":{"line":24,"column":42}},"12":{"start":{"line":25,"column":25},"end":{"line":25,"column":39}},"13":{"start":{"line":27,"column":28},"end":{"line":27,"column":74}},"14":{"start":{"line":27,"column":55},"end":{"line":27,"column":73}},"15":{"start":{"line":28,"column":6},"end":{"line":28,"column":40}},"16":{"start":{"line":30,"column":6},"end":{"line":30,"column":46}},"17":{"start":{"line":33,"column":6},"end":{"line":33,"column":19}}},"fnMap":{"0":{"name":"(anonymous_0)","decl":{"start":{"line":5,"column":14},"end":{"line":5,"column":15}},"loc":{"start":{"line":5,"column":48},"end":{"line":35,"column":1}},"line":5},"1":{"name":"(anonymous_1)","decl":{"start":{"line":18,"column":47},"end":{"line":18,"column":48}},"loc":{"start":{"line":18,"column":55},"end":{"line":18,"column":73}},"line":18},"2":{"name":"(anonymous_2)","decl":{"start":{"line":27,"column":47},"end":{"line":27,"column":48}},"loc":{"start":{"line":27,"column":55},"end":{"line":27,"column":73}},"line":27}},"branchMap":{"0":{"loc":{"start":{"line":5,"column":15},"end":{"line":5,"column":35}},"type":"default-arg","locations":[{"start":{"line":5,"column":23},"end":{"line":5,"column":35}}],"line":5},"1":{"loc":{"start":{"line":6,"column":2},"end":{"line":34,"column":3}},"type":"switch","locations":[{"start":{"line":7,"column":4},"end":{"line":13,"column":56}},{"start":{"line":14,"column":4},"end":{"line":22,"column":5}},{"start":{"line":23,"column":4},"end":{"line":31,"column":5}},{"start":{"line":32,"column":4},"end":{"line":33,"column":19}}],"line":6}},"s":{"0":1,"1":1,"2":2,"3":1,"4":1,"5":0,"6":0,"7":0,"8":0,"9":0,"10":0,"11":1,"12":1,"13":1,"14":1,"15":1,"16":1,"17":0},"f":{"0":2,"1":0,"2":1},"b":{"0":[0],"1":[1,0,1,0]},"_coverageSchema":"43e27e138ebf9cfc5966b082cf9a028302ed4184","hash":"a8df51ddff6663854a07c0ec588ef38792e0e9d4"}
}
