<?xml version="1.0" encoding="UTF-8"?>
<coverage generated="1580597429238" clover="3.2.0">
  <project timestamp="1580597429239" name="All files">
    <metrics statements="34" coveredstatements="12" conditionals="18" coveredconditionals="7" methods="20" coveredmethods="6" elements="72" coveredelements="25" complexity="0" loc="34" ncloc="34" packages="4" files="4" classes="4"/>
    <package name="components.PlannerPage">
      <metrics statements="2" coveredstatements="2" conditionals="0" coveredconditionals="0" methods="1" coveredmethods="1"/>
      <file name="index.js" path="C:\Users\Flávio Ravier\Documents\Future4\Flavio-Ravier\semana12\planner\src\components\PlannerPage\index.js">
        <metrics statements="2" coveredstatements="2" conditionals="0" coveredconditionals="0" methods="1" coveredmethods="1"/>
        <line num="8" count="1" type="stmt"/>
        <line num="22" count="2" type="stmt"/>
      </file>
    </package>
    <package name="components.TaskCard">
      <metrics statements="2" coveredstatements="2" conditionals="0" coveredconditionals="0" methods="1" coveredmethods="1"/>
      <file name="index.js" path="C:\Users\Flávio Ravier\Documents\Future4\Flavio-Ravier\semana12\planner\src\components\TaskCard\index.js">
        <metrics statements="2" coveredstatements="2" conditionals="0" coveredconditionals="0" methods="1" coveredmethods="1"/>
        <line num="6" count="3" type="stmt"/>
        <line num="22" count="1" type="stmt"/>
      </file>
    </package>
    <package name="containers.Planner">
      <metrics statements="15" coveredstatements="7" conditionals="14" coveredconditionals="7" methods="12" coveredmethods="4"/>
      <file name="index.js" path="C:\Users\Flávio Ravier\Documents\Future4\Flavio-Ravier\semana12\planner\src\containers\Planner\index.js">
        <metrics statements="15" coveredstatements="7" conditionals="14" coveredconditionals="7" methods="12" coveredmethods="4"/>
        <line num="10" count="2" type="stmt"/>
        <line num="22" count="2" type="stmt"/>
        <line num="28" count="2" type="stmt"/>
        <line num="45" count="2" type="stmt"/>
        <line num="49" count="2" type="stmt"/>
        <line num="61" count="2" type="stmt"/>
        <line num="74" count="0" type="stmt"/>
        <line num="87" count="0" type="stmt"/>
        <line num="100" count="0" type="stmt"/>
        <line num="113" count="3" type="stmt"/>
        <line num="126" count="0" type="stmt"/>
        <line num="139" count="0" type="stmt"/>
        <line num="148" count="0" type="stmt"/>
        <line num="162" count="0" type="stmt"/>
        <line num="164" count="0" type="stmt"/>
      </file>
    </package>
    <package name="containers.Post">
      <metrics statements="15" coveredstatements="1" conditionals="4" coveredconditionals="0" methods="6" coveredmethods="0"/>
      <file name="index.js" path="C:\Users\Flávio Ravier\Documents\Future4\Flavio-Ravier\semana12\planner\src\containers\Post\index.js">
        <metrics statements="15" coveredstatements="1" conditionals="4" coveredconditionals="0" methods="6" coveredmethods="0"/>
        <line num="11" count="1" type="stmt"/>
        <line num="24" count="0" type="stmt"/>
        <line num="25" count="0" type="stmt"/>
        <line num="31" count="0" type="stmt"/>
        <line num="32" count="0" type="stmt"/>
        <line num="33" count="0" type="cond" truecount="0" falsecount="4"/>
        <line num="34" count="0" type="stmt"/>
        <line num="38" count="0" type="stmt"/>
        <line num="39" count="0" type="stmt"/>
        <line num="43" count="0" type="stmt"/>
        <line num="44" count="0" type="stmt"/>
        <line num="45" count="0" type="stmt"/>
        <line num="49" count="0" type="stmt"/>
        <line num="86" count="0" type="stmt"/>
        <line num="87" count="0" type="stmt"/>
      </file>
    </package>
  </project>
</coverage>
