{"C:\\Users\\Flávio Ravier\\Documents\\Future4\\Flavio-Ravier\\semana12\\planner\\src\\components\\PlannerPage\\index.js": {"path":"C:\\Users\\Flávio Ravier\\Documents\\Future4\\Flavio-Ravier\\semana12\\planner\\src\\components\\PlannerPage\\index.js","statementMap":{"0":{"start":{"line":8,"column":23},"end":{"line":18,"column":1}},"1":{"start":{"line":22,"column":4},"end":{"line":27,"column":5}}},"fnMap":{"0":{"name":"(anonymous_0)","decl":{"start":{"line":21,"column":1},"end":{"line":21,"column":2}},"loc":{"start":{"line":21,"column":9},"end":{"line":28,"column":3}},"line":21}},"branchMap":{},"s":{"0":1,"1":2},"f":{"0":2},"b":{},"_coverageSchema":"43e27e138ebf9cfc5966b082cf9a028302ed4184","hash":"0380b6d6823be45abaa5b4540226e20e6b4c6199"}
,"C:\\Users\\Flávio Ravier\\Documents\\Future4\\Flavio-Ravier\\semana12\\planner\\src\\components\\TaskCard\\index.js": {"path":"C:\\Users\\Flávio Ravier\\Documents\\Future4\\Flavio-Ravier\\semana12\\planner\\src\\components\\TaskCard\\index.js","statementMap":{"0":{"start":{"line":6,"column":24},"end":{"line":17,"column":1}},"1":{"start":{"line":22,"column":8},"end":{"line":29,"column":9}}},"fnMap":{"0":{"name":"(anonymous_0)","decl":{"start":{"line":21,"column":4},"end":{"line":21,"column":5}},"loc":{"start":{"line":21,"column":13},"end":{"line":30,"column":5}},"line":21}},"branchMap":{},"s":{"0":3,"1":1},"f":{"0":1},"b":{},"_coverageSchema":"43e27e138ebf9cfc5966b082cf9a028302ed4184","hash":"a3088c1bf3671c6f55170dde4cd3c3734e0fd731"}
,"C:\\Users\\Flávio Ravier\\Documents\\Future4\\Flavio-Ravier\\semana12\\planner\\src\\containers\\Planner\\index.js": {"path":"C:\\Users\\Flávio Ravier\\Documents\\Future4\\Flavio-Ravier\\semana12\\planner\\src\\containers\\Planner\\index.js","statementMap":{"0":{"start":{"line":10,"column":23},"end":{"line":20,"column":1}},"1":{"start":{"line":22,"column":25},"end":{"line":26,"column":1}},"2":{"start":{"line":28,"column":15},"end":{"line":38,"column":1}},"3":{"start":{"line":45,"column":8},"end":{"line":45,"column":32}},"4":{"start":{"line":49,"column":9},"end":{"line":143,"column":9}},"5":{"start":{"line":61,"column":28},"end":{"line":61,"column":75}},"6":{"start":{"line":74,"column":28},"end":{"line":74,"column":75}},"7":{"start":{"line":87,"column":28},"end":{"line":87,"column":75}},"8":{"start":{"line":100,"column":32},"end":{"line":100,"column":79}},"9":{"start":{"line":113,"column":28},"end":{"line":113,"column":75}},"10":{"start":{"line":126,"column":28},"end":{"line":126,"column":75}},"11":{"start":{"line":139,"column":28},"end":{"line":139,"column":75}},"12":{"start":{"line":148,"column":4},"end":{"line":158,"column":5}},"13":{"start":{"line":162,"column":4},"end":{"line":165,"column":5}},"14":{"start":{"line":164,"column":27},"end":{"line":164,"column":50}}},"fnMap":{"0":{"name":"(anonymous_0)","decl":{"start":{"line":44,"column":4},"end":{"line":44,"column":5}},"loc":{"start":{"line":44,"column":24},"end":{"line":46,"column":5}},"line":44},"1":{"name":"(anonymous_1)","decl":{"start":{"line":48,"column":4},"end":{"line":48,"column":5}},"loc":{"start":{"line":48,"column":13},"end":{"line":144,"column":5}},"line":48},"2":{"name":"(anonymous_2)","decl":{"start":{"line":60,"column":50},"end":{"line":60,"column":51}},"loc":{"start":{"line":61,"column":28},"end":{"line":61,"column":75}},"line":61},"3":{"name":"(anonymous_3)","decl":{"start":{"line":73,"column":50},"end":{"line":73,"column":51}},"loc":{"start":{"line":74,"column":28},"end":{"line":74,"column":75}},"line":74},"4":{"name":"(anonymous_4)","decl":{"start":{"line":86,"column":50},"end":{"line":86,"column":51}},"loc":{"start":{"line":87,"column":28},"end":{"line":87,"column":75}},"line":87},"5":{"name":"(anonymous_5)","decl":{"start":{"line":99,"column":54},"end":{"line":99,"column":55}},"loc":{"start":{"line":100,"column":32},"end":{"line":100,"column":79}},"line":100},"6":{"name":"(anonymous_6)","decl":{"start":{"line":112,"column":50},"end":{"line":112,"column":51}},"loc":{"start":{"line":113,"column":28},"end":{"line":113,"column":75}},"line":113},"7":{"name":"(anonymous_7)","decl":{"start":{"line":125,"column":50},"end":{"line":125,"column":51}},"loc":{"start":{"line":126,"column":28},"end":{"line":126,"column":75}},"line":126},"8":{"name":"(anonymous_8)","decl":{"start":{"line":138,"column":50},"end":{"line":138,"column":51}},"loc":{"start":{"line":139,"column":28},"end":{"line":139,"column":75}},"line":139},"9":{"name":"mapStateToProps","decl":{"start":{"line":147,"column":9},"end":{"line":147,"column":24}},"loc":{"start":{"line":147,"column":32},"end":{"line":159,"column":1}},"line":147},"10":{"name":"mapToDispatch","decl":{"start":{"line":161,"column":9},"end":{"line":161,"column":22}},"loc":{"start":{"line":161,"column":33},"end":{"line":166,"column":1}},"line":161},"11":{"name":"(anonymous_11)","decl":{"start":{"line":164,"column":21},"end":{"line":164,"column":22}},"loc":{"start":{"line":164,"column":27},"end":{"line":164,"column":50}},"line":164}},"branchMap":{"0":{"loc":{"start":{"line":56,"column":21},"end":{"line":62,"column":26}},"type":"cond-expr","locations":[{"start":{"line":57,"column":25},"end":{"line":59,"column":43}},{"start":{"line":60,"column":24},"end":{"line":62,"column":26}}],"line":56},"1":{"loc":{"start":{"line":69,"column":21},"end":{"line":75,"column":26}},"type":"cond-expr","locations":[{"start":{"line":70,"column":25},"end":{"line":72,"column":43}},{"start":{"line":73,"column":24},"end":{"line":75,"column":26}}],"line":69},"2":{"loc":{"start":{"line":82,"column":21},"end":{"line":88,"column":26}},"type":"cond-expr","locations":[{"start":{"line":83,"column":25},"end":{"line":85,"column":43}},{"start":{"line":86,"column":24},"end":{"line":88,"column":26}}],"line":82},"3":{"loc":{"start":{"line":95,"column":21},"end":{"line":101,"column":30}},"type":"cond-expr","locations":[{"start":{"line":96,"column":29},"end":{"line":98,"column":47}},{"start":{"line":99,"column":28},"end":{"line":101,"column":30}}],"line":95},"4":{"loc":{"start":{"line":108,"column":21},"end":{"line":114,"column":26}},"type":"cond-expr","locations":[{"start":{"line":109,"column":25},"end":{"line":111,"column":43}},{"start":{"line":112,"column":24},"end":{"line":114,"column":26}}],"line":108},"5":{"loc":{"start":{"line":121,"column":21},"end":{"line":127,"column":26}},"type":"cond-expr","locations":[{"start":{"line":122,"column":25},"end":{"line":124,"column":43}},{"start":{"line":125,"column":24},"end":{"line":127,"column":26}}],"line":121},"6":{"loc":{"start":{"line":134,"column":21},"end":{"line":140,"column":26}},"type":"cond-expr","locations":[{"start":{"line":135,"column":25},"end":{"line":137,"column":43}},{"start":{"line":138,"column":24},"end":{"line":140,"column":26}}],"line":134}},"s":{"0":2,"1":2,"2":2,"3":2,"4":2,"5":2,"6":0,"7":0,"8":0,"9":3,"10":0,"11":0,"12":0,"13":0,"14":0},"f":{"0":2,"1":2,"2":2,"3":0,"4":0,"5":0,"6":3,"7":0,"8":0,"9":0,"10":0,"11":0},"b":{"0":[0,2],"1":[0,2],"2":[0,2],"3":[0,2],"4":[0,2],"5":[0,2],"6":[0,2]},"_coverageSchema":"43e27e138ebf9cfc5966b082cf9a028302ed4184","hash":"a46c9a9e82e0f2f07dbe82ca3474f93ce0c8903a"}
,"C:\\Users\\Flávio Ravier\\Documents\\Future4\\Flavio-Ravier\\semana12\\planner\\src\\containers\\Post\\index.js": {"path":"C:\\Users\\Flávio Ravier\\Documents\\Future4\\Flavio-Ravier\\semana12\\planner\\src\\containers\\Post\\index.js","statementMap":{"0":{"start":{"line":11,"column":28},"end":{"line":20,"column":1}},"1":{"start":{"line":24,"column":8},"end":{"line":24,"column":20}},"2":{"start":{"line":25,"column":8},"end":{"line":28,"column":9}},"3":{"start":{"line":31,"column":21},"end":{"line":41,"column":7}},"4":{"start":{"line":32,"column":8},"end":{"line":32,"column":31}},"5":{"start":{"line":33,"column":8},"end":{"line":40,"column":9}},"6":{"start":{"line":34,"column":23},"end":{"line":37,"column":11}},"7":{"start":{"line":38,"column":10},"end":{"line":38,"column":37}},"8":{"start":{"line":39,"column":10},"end":{"line":39,"column":46}},"9":{"start":{"line":43,"column":24},"end":{"line":46,"column":7}},"10":{"start":{"line":44,"column":32},"end":{"line":44,"column":40}},"11":{"start":{"line":45,"column":8},"end":{"line":45,"column":40}},"12":{"start":{"line":49,"column":8},"end":{"line":82,"column":9}},"13":{"start":{"line":86,"column":4},"end":{"line":88,"column":5}},"14":{"start":{"line":87,"column":35},"end":{"line":87,"column":71}}},"fnMap":{"0":{"name":"(anonymous_0)","decl":{"start":{"line":23,"column":4},"end":{"line":23,"column":5}},"loc":{"start":{"line":23,"column":23},"end":{"line":29,"column":5}},"line":23},"1":{"name":"(anonymous_1)","decl":{"start":{"line":31,"column":21},"end":{"line":31,"column":22}},"loc":{"start":{"line":31,"column":30},"end":{"line":41,"column":7}},"line":31},"2":{"name":"(anonymous_2)","decl":{"start":{"line":43,"column":24},"end":{"line":43,"column":25}},"loc":{"start":{"line":43,"column":29},"end":{"line":46,"column":7}},"line":43},"3":{"name":"(anonymous_3)","decl":{"start":{"line":48,"column":4},"end":{"line":48,"column":5}},"loc":{"start":{"line":48,"column":13},"end":{"line":83,"column":5}},"line":48},"4":{"name":"mapToDispatch","decl":{"start":{"line":85,"column":9},"end":{"line":85,"column":22}},"loc":{"start":{"line":85,"column":33},"end":{"line":89,"column":3}},"line":85},"5":{"name":"(anonymous_5)","decl":{"start":{"line":87,"column":18},"end":{"line":87,"column":19}},"loc":{"start":{"line":87,"column":35},"end":{"line":87,"column":71}},"line":87}},"branchMap":{"0":{"loc":{"start":{"line":33,"column":8},"end":{"line":40,"column":9}},"type":"if","locations":[{"start":{"line":33,"column":8},"end":{"line":40,"column":9}},{"start":{"line":33,"column":8},"end":{"line":40,"column":9}}],"line":33},"1":{"loc":{"start":{"line":33,"column":12},"end":{"line":33,"column":59}},"type":"binary-expr","locations":[{"start":{"line":33,"column":12},"end":{"line":33,"column":34}},{"start":{"line":33,"column":38},"end":{"line":33,"column":59}}],"line":33}},"s":{"0":1,"1":0,"2":0,"3":0,"4":0,"5":0,"6":0,"7":0,"8":0,"9":0,"10":0,"11":0,"12":0,"13":0,"14":0},"f":{"0":0,"1":0,"2":0,"3":0,"4":0,"5":0},"b":{"0":[0,0],"1":[0,0]},"_coverageSchema":"43e27e138ebf9cfc5966b082cf9a028302ed4184","hash":"fe5bcdc894d74bd2e90da9dd8f708346afe8d02f"}
}
