TN:
SF:C:\Users\Flávio Ravier\Documents\Future4\Flavio-Ravier\semana12\planner\src\components\PlannerPage\index.js
FN:21,(anonymous_0)
FNF:1
FNH:1
FNDA:2,(anonymous_0)
DA:8,1
DA:22,2
LF:2
LH:2
BRF:0
BRH:0
end_of_record
TN:
SF:C:\Users\Flávio Ravier\Documents\Future4\Flavio-Ravier\semana12\planner\src\components\TaskCard\index.js
FN:21,(anonymous_0)
FNF:1
FNH:1
FNDA:1,(anonymous_0)
DA:6,3
DA:22,1
LF:2
LH:2
BRF:0
BRH:0
end_of_record
TN:
SF:C:\Users\Flávio Ravier\Documents\Future4\Flavio-Ravier\semana12\planner\src\containers\Planner\index.js
FN:44,(anonymous_0)
FN:48,(anonymous_1)
FN:60,(anonymous_2)
FN:73,(anonymous_3)
FN:86,(anonymous_4)
FN:99,(anonymous_5)
FN:112,(anonymous_6)
FN:125,(anonymous_7)
FN:138,(anonymous_8)
FN:147,mapStateToProps
FN:161,mapToDispatch
FN:164,(anonymous_11)
FNF:12
FNH:4
FNDA:2,(anonymous_0)
FNDA:2,(anonymous_1)
FNDA:2,(anonymous_2)
FNDA:0,(anonymous_3)
FNDA:0,(anonymous_4)
FNDA:0,(anonymous_5)
FNDA:3,(anonymous_6)
FNDA:0,(anonymous_7)
FNDA:0,(anonymous_8)
FNDA:0,mapStateToProps
FNDA:0,mapToDispatch
FNDA:0,(anonymous_11)
DA:10,2
DA:22,2
DA:28,2
DA:45,2
DA:49,2
DA:61,2
DA:74,0
DA:87,0
DA:100,0
DA:113,3
DA:126,0
DA:139,0
DA:148,0
DA:162,0
DA:164,0
LF:15
LH:7
BRDA:56,0,0,0
BRDA:56,0,1,2
BRDA:69,1,0,0
BRDA:69,1,1,2
BRDA:82,2,0,0
BRDA:82,2,1,2
BRDA:95,3,0,0
BRDA:95,3,1,2
BRDA:108,4,0,0
BRDA:108,4,1,2
BRDA:121,5,0,0
BRDA:121,5,1,2
BRDA:134,6,0,0
BRDA:134,6,1,2
BRF:14
BRH:7
end_of_record
TN:
SF:C:\Users\Flávio Ravier\Documents\Future4\Flavio-Ravier\semana12\planner\src\containers\Post\index.js
FN:23,(anonymous_0)
FN:31,(anonymous_1)
FN:43,(anonymous_2)
FN:48,(anonymous_3)
FN:85,mapToDispatch
FN:87,(anonymous_5)
FNF:6
FNH:0
FNDA:0,(anonymous_0)
FNDA:0,(anonymous_1)
FNDA:0,(anonymous_2)
FNDA:0,(anonymous_3)
FNDA:0,mapToDispatch
FNDA:0,(anonymous_5)
DA:11,1
DA:24,0
DA:25,0
DA:31,0
DA:32,0
DA:33,0
DA:34,0
DA:38,0
DA:39,0
DA:43,0
DA:44,0
DA:45,0
DA:49,0
DA:86,0
DA:87,0
LF:15
LH:1
BRDA:33,0,0,0
BRDA:33,0,1,0
BRDA:33,1,0,0
BRDA:33,1,1,0
BRF:4
BRH:0
end_of_record
